#-----------------------------------------------------------
# Vivado v2020.1 (64-bit)
# SW Build 2902540 on Wed May 27 19:54:49 MDT 2020
# IP Build 2902112 on Wed May 27 22:43:36 MDT 2020
# Start of session at: Wed Apr  6 09:53:20 2022
# Process ID: 8880
# Current directory: D:/Documents/xbohuc00/digital-electronics-1/labs/08-traffic_lights/traffic
# Command line: vivado.exe -gui_launcher_event rodinguilauncherevent7936 D:\Documents\xbohuc00\digital-electronics-1\labs\08-traffic_lights\traffic\traffic.xpr
# Log file: D:/Documents/xbohuc00/digital-electronics-1/labs/08-traffic_lights/traffic/vivado.log
# Journal file: D:/Documents/xbohuc00/digital-electronics-1/labs/08-traffic_lights/traffic\vivado.jou
#-----------------------------------------------------------
start_gui
open_project D:/Documents/xbohuc00/digital-electronics-1/labs/08-traffic_lights/traffic/traffic.xpr
Scanning sources...
Finished scanning sources
INFO: [IP_Flow 19-234] Refreshing IP repositories
INFO: [IP_Flow 19-1704] No user IP repositories specified
INFO: [IP_Flow 19-2313] Loaded Vivado IP repository 'C:/APPZ/Xilinx/Vivado/2020.1/data/ip'.
update_compile_order -fileset sources_1
launch_simulation
Command: launch_simulation 
INFO: [Vivado 12-5682] Launching behavioral simulation in 'D:/Documents/xbohuc00/digital-electronics-1/labs/08-traffic_lights/traffic/traffic.sim/sim_1/behav/xsim'
INFO: [SIM-utils-51] Simulation object is 'sim_1'
INFO: [SIM-utils-54] Inspecting design source files for 'tb_tlc' in fileset 'sim_1'...
INFO: [USF-XSim-97] Finding global include files...
INFO: [USF-XSim-98] Fetching design files from 'sim_1'...
INFO: [USF-XSim-2] XSim::Compile design
INFO: [USF-XSim-61] Executing 'COMPILE and ANALYZE' step in 'D:/Documents/xbohuc00/digital-electronics-1/labs/08-traffic_lights/traffic/traffic.sim/sim_1/behav/xsim'
"xvhdl --incr --relax -prj tb_tlc_vhdl.prj"
INFO: [VRFC 10-163] Analyzing VHDL file "D:/Documents/xbohuc00/digital-electronics-1/labs/08-traffic_lights/traffic/traffic.srcs/sim_1/new/tb_tlc.vhd" into library xil_defaultlib
INFO: [VRFC 10-3107] analyzing entity 'tb_tlc'
INFO: [USF-XSim-69] 'compile' step finished in '3' seconds
INFO: [USF-XSim-3] XSim::Elaborate design
INFO: [USF-XSim-61] Executing 'ELABORATE' step in 'D:/Documents/xbohuc00/digital-electronics-1/labs/08-traffic_lights/traffic/traffic.sim/sim_1/behav/xsim'
"xelab -wto 93b3e3dec1bd4c07910d843dff87aa16 --incr --debug typical --relax --mt 2 -L xil_defaultlib -L secureip --snapshot tb_tlc_behav xil_defaultlib.tb_tlc -log elaborate.log"
Vivado Simulator 2020.1
Copyright 1986-1999, 2001-2020 Xilinx, Inc. All Rights Reserved.
Running: C:/APPZ/Xilinx/Vivado/2020.1/bin/unwrapped/win64.o/xelab.exe -wto 93b3e3dec1bd4c07910d843dff87aa16 --incr --debug typical --relax --mt 2 -L xil_defaultlib -L secureip --snapshot tb_tlc_behav xil_defaultlib.tb_tlc -log elaborate.log 
Using 2 slave threads.
Starting static elaboration
Completed static elaboration
Starting simulation data flow analysis
Completed simulation data flow analysis
Time Resolution for simulation is 1ps
Compiling package std.standard
Compiling package std.textio
Compiling package ieee.std_logic_1164
Compiling package ieee.numeric_std
Compiling architecture behavioral of entity xil_defaultlib.clock_enable [\clock_enable(g_max=25000000)\]
Compiling architecture behavioral of entity xil_defaultlib.tlc [tlc_default]
Compiling architecture testbench of entity xil_defaultlib.tb_tlc
Built simulation snapshot tb_tlc_behav
INFO: [USF-XSim-69] 'elaborate' step finished in '1' seconds
INFO: [USF-XSim-4] XSim::Simulate design
INFO: [USF-XSim-61] Executing 'SIMULATE' step in 'D:/Documents/xbohuc00/digital-electronics-1/labs/08-traffic_lights/traffic/traffic.sim/sim_1/behav/xsim'
INFO: [USF-XSim-98] *** Running xsim
   with args "tb_tlc_behav -key {Behavioral:sim_1:Functional:tb_tlc} -tclbatch {tb_tlc.tcl} -log {simulate.log}"
INFO: [USF-XSim-8] Loading simulator feature
Vivado Simulator 2020.1
Time resolution is 1 ps
source tb_tlc.tcl
# set curr_wave [current_wave_config]
# if { [string length $curr_wave] == 0 } {
#   if { [llength [get_objects]] > 0} {
#     add_wave /
#     set_property needs_save false [current_wave_config]
#   } else {
#      send_msg_id Add_Wave-1 WARNING "No top level signals found. Simulator will start without a wave window. If you want to open a wave window go to 'File->New Waveform Configuration' or type 'create_wave_config' in the TCL console."
#   }
# }
# run 2000ns
INFO: [USF-XSim-96] XSim completed. Design snapshot 'tb_tlc_behav' loaded.
INFO: [USF-XSim-97] XSim simulation ran for 2000ns
launch_simulation: Time (s): cpu = 00:00:08 ; elapsed = 00:00:08 . Memory (MB): peak = 1023.895 ; gain = 0.000
close_sim
INFO: [Simtcl 6-16] Simulation closed
exit
INFO: [Common 17-206] Exiting Vivado at Wed Apr  6 09:59:07 2022...
