#-----------------------------------------------------------
# Vivado v2020.1 (64-bit)
# SW Build 2902540 on Wed May 27 19:54:49 MDT 2020
# IP Build 2902112 on Wed May 27 22:43:36 MDT 2020
# Start of session at: Wed Mar 16 09:28:47 2022
# Process ID: 1788
# Current directory: D:/Documents/xbohuc00/digital-electronics-1/labs/05-ffs/flip_flops
# Command line: vivado.exe -gui_launcher_event rodinguilauncherevent5852 D:\Documents\xbohuc00\digital-electronics-1\labs\05-ffs\flip_flops\flip_flops.xpr
# Log file: D:/Documents/xbohuc00/digital-electronics-1/labs/05-ffs/flip_flops/vivado.log
# Journal file: D:/Documents/xbohuc00/digital-electronics-1/labs/05-ffs/flip_flops\vivado.jou
#-----------------------------------------------------------
start_gui
open_project D:/Documents/xbohuc00/digital-electronics-1/labs/05-ffs/flip_flops/flip_flops.xpr
Scanning sources...
Finished scanning sources
INFO: [IP_Flow 19-234] Refreshing IP repositories
INFO: [IP_Flow 19-1704] No user IP repositories specified
INFO: [IP_Flow 19-2313] Loaded Vivado IP repository 'C:/APPZ/Xilinx/Vivado/2020.1/data/ip'.
update_compile_order -fileset sources_1
close [ open D:/Documents/xbohuc00/digital-electronics-1/labs/05-ffs/flip_flops/flip_flops.srcs/sources_1/new/t_ff_rst.vhd w ]
add_files D:/Documents/xbohuc00/digital-electronics-1/labs/05-ffs/flip_flops/flip_flops.srcs/sources_1/new/t_ff_rst.vhd
update_compile_order -fileset sources_1
close [ open D:/Documents/xbohuc00/digital-electronics-1/labs/05-ffs/flip_flops/flip_flops.srcs/sources_1/new/top.vhd w ]
add_files D:/Documents/xbohuc00/digital-electronics-1/labs/05-ffs/flip_flops/flip_flops.srcs/sources_1/new/top.vhd
update_compile_order -fileset sources_1
launch_simulation
Command: launch_simulation 
INFO: [Vivado 12-5682] Launching behavioral simulation in 'D:/Documents/xbohuc00/digital-electronics-1/labs/05-ffs/flip_flops/flip_flops.sim/sim_1/behav/xsim'
INFO: [SIM-utils-51] Simulation object is 'sim_1'
INFO: [SIM-utils-54] Inspecting design source files for 'tb_ff_rst' in fileset 'sim_1'...
INFO: [USF-XSim-97] Finding global include files...
INFO: [USF-XSim-98] Fetching design files from 'sim_1'...
INFO: [USF-XSim-2] XSim::Compile design
INFO: [USF-XSim-61] Executing 'COMPILE and ANALYZE' step in 'D:/Documents/xbohuc00/digital-electronics-1/labs/05-ffs/flip_flops/flip_flops.sim/sim_1/behav/xsim'
"xvhdl --incr --relax -prj tb_ff_rst_vhdl.prj"
INFO: [VRFC 10-163] Analyzing VHDL file "D:/Documents/xbohuc00/digital-electronics-1/labs/05-ffs/flip_flops/flip_flops.srcs/sim_1/new/tb_ff_rst.vhd" into library xil_defaultlib
INFO: [VRFC 10-3107] analyzing entity 'tb_ff_rst'
INFO: [USF-XSim-69] 'compile' step finished in '1' seconds
INFO: [USF-XSim-3] XSim::Elaborate design
INFO: [USF-XSim-61] Executing 'ELABORATE' step in 'D:/Documents/xbohuc00/digital-electronics-1/labs/05-ffs/flip_flops/flip_flops.sim/sim_1/behav/xsim'
"xelab -wto b3667a278a754cfcadf5cb8d23223f3d --incr --debug typical --relax --mt 2 -L xil_defaultlib -L secureip --snapshot tb_ff_rst_behav xil_defaultlib.tb_ff_rst -log elaborate.log"
Vivado Simulator 2020.1
Copyright 1986-1999, 2001-2020 Xilinx, Inc. All Rights Reserved.
Running: C:/APPZ/Xilinx/Vivado/2020.1/bin/unwrapped/win64.o/xelab.exe -wto b3667a278a754cfcadf5cb8d23223f3d --incr --debug typical --relax --mt 2 -L xil_defaultlib -L secureip --snapshot tb_ff_rst_behav xil_defaultlib.tb_ff_rst -log elaborate.log 
Using 2 slave threads.
Starting static elaboration
Completed static elaboration
Starting simulation data flow analysis
Completed simulation data flow analysis
Time Resolution for simulation is 1ps
Compiling package std.standard
Compiling package std.textio
Compiling package ieee.std_logic_1164
Compiling architecture behavioral of entity xil_defaultlib.d_ff_rst [d_ff_rst_default]
Compiling architecture behavioral of entity xil_defaultlib.tb_ff_rst
Built simulation snapshot tb_ff_rst_behav

****** Webtalk v2020.1 (64-bit)
  **** SW Build 2902540 on Wed May 27 19:54:49 MDT 2020
  **** IP Build 2902112 on Wed May 27 22:43:36 MDT 2020
    ** Copyright 1986-2020 Xilinx, Inc. All Rights Reserved.

source D:/Documents/xbohuc00/digital-electronics-1/labs/05-ffs/flip_flops/flip_flops.sim/sim_1/behav/xsim/xsim.dir/tb_ff_rst_behav/webtalk/xsim_webtalk.tcl -notrace
INFO: [Common 17-186] 'D:/Documents/xbohuc00/digital-electronics-1/labs/05-ffs/flip_flops/flip_flops.sim/sim_1/behav/xsim/xsim.dir/tb_ff_rst_behav/webtalk/usage_statistics_ext_xsim.xml' has been successfully sent to Xilinx on Wed Mar 16 09:35:13 2022. For additional details about this file, please refer to the WebTalk help file at C:/APPZ/Xilinx/Vivado/2020.1/doc/webtalk_introduction.html.
INFO: [Common 17-206] Exiting Webtalk at Wed Mar 16 09:35:13 2022...
run_program: Time (s): cpu = 00:00:01 ; elapsed = 00:00:06 . Memory (MB): peak = 1020.703 ; gain = 0.000
INFO: [USF-XSim-69] 'elaborate' step finished in '6' seconds
INFO: [USF-XSim-4] XSim::Simulate design
INFO: [USF-XSim-61] Executing 'SIMULATE' step in 'D:/Documents/xbohuc00/digital-electronics-1/labs/05-ffs/flip_flops/flip_flops.sim/sim_1/behav/xsim'
INFO: [USF-XSim-98] *** Running xsim
   with args "tb_ff_rst_behav -key {Behavioral:sim_1:Functional:tb_ff_rst} -tclbatch {tb_ff_rst.tcl} -log {simulate.log}"
INFO: [USF-XSim-8] Loading simulator feature
Vivado Simulator 2020.1
Time resolution is 1 ps
source tb_ff_rst.tcl
# set curr_wave [current_wave_config]
# if { [string length $curr_wave] == 0 } {
#   if { [llength [get_objects]] > 0} {
#     add_wave /
#     set_property needs_save false [current_wave_config]
#   } else {
#      send_msg_id Add_Wave-1 WARNING "No top level signals found. Simulator will start without a wave window. If you want to open a wave window go to 'File->New Waveform Configuration' or type 'create_wave_config' in the TCL console."
#   }
# }
# run 1000ns
Note: Stimulus process started
Time: 0 ps  Iteration: 0  Process: /tb_ff_rst/p_stimulus  File: D:/Documents/xbohuc00/digital-electronics-1/labs/05-ffs/flip_flops/flip_flops.srcs/sim_1/new/tb_ff_rst.vhd
Note: Stimulus process finished
Time: 13 ns  Iteration: 0  Process: /tb_ff_rst/p_stimulus  File: D:/Documents/xbohuc00/digital-electronics-1/labs/05-ffs/flip_flops/flip_flops.srcs/sim_1/new/tb_ff_rst.vhd
INFO: [USF-XSim-96] XSim completed. Design snapshot 'tb_ff_rst_behav' loaded.
INFO: [USF-XSim-97] XSim simulation ran for 1000ns
launch_simulation: Time (s): cpu = 00:00:06 ; elapsed = 00:00:12 . Memory (MB): peak = 1020.703 ; gain = 0.000
update_compile_order -fileset sources_1
close_sim
INFO: [Simtcl 6-16] Simulation closed
close_sim: Time (s): cpu = 00:00:01 ; elapsed = 00:00:06 . Memory (MB): peak = 1020.703 ; gain = 0.000
launch_simulation
Command: launch_simulation 
INFO: [Vivado 12-5682] Launching behavioral simulation in 'D:/Documents/xbohuc00/digital-electronics-1/labs/05-ffs/flip_flops/flip_flops.sim/sim_1/behav/xsim'
INFO: [SIM-utils-51] Simulation object is 'sim_1'
INFO: [SIM-utils-54] Inspecting design source files for 'tb_ff_rst' in fileset 'sim_1'...
INFO: [USF-XSim-97] Finding global include files...
INFO: [USF-XSim-98] Fetching design files from 'sim_1'...
INFO: [USF-XSim-2] XSim::Compile design
INFO: [USF-XSim-61] Executing 'COMPILE and ANALYZE' step in 'D:/Documents/xbohuc00/digital-electronics-1/labs/05-ffs/flip_flops/flip_flops.sim/sim_1/behav/xsim'
"xvhdl --incr --relax -prj tb_ff_rst_vhdl.prj"
INFO: [VRFC 10-163] Analyzing VHDL file "D:/Documents/xbohuc00/digital-electronics-1/labs/05-ffs/flip_flops/flip_flops.srcs/sources_1/new/t_ff_rst.vhd" into library xil_defaultlib
INFO: [VRFC 10-3107] analyzing entity 't_ff_rst'
INFO: [VRFC 10-163] Analyzing VHDL file "D:/Documents/xbohuc00/digital-electronics-1/labs/05-ffs/flip_flops/flip_flops.srcs/sim_1/new/tb_ff_rst.vhd" into library xil_defaultlib
INFO: [VRFC 10-3107] analyzing entity 'tb_ff_rst'
INFO: [USF-XSim-69] 'compile' step finished in '1' seconds
INFO: [USF-XSim-3] XSim::Elaborate design
INFO: [USF-XSim-61] Executing 'ELABORATE' step in 'D:/Documents/xbohuc00/digital-electronics-1/labs/05-ffs/flip_flops/flip_flops.sim/sim_1/behav/xsim'
"xelab -wto b3667a278a754cfcadf5cb8d23223f3d --incr --debug typical --relax --mt 2 -L xil_defaultlib -L secureip --snapshot tb_ff_rst_behav xil_defaultlib.tb_ff_rst -log elaborate.log"
Vivado Simulator 2020.1
Copyright 1986-1999, 2001-2020 Xilinx, Inc. All Rights Reserved.
Running: C:/APPZ/Xilinx/Vivado/2020.1/bin/unwrapped/win64.o/xelab.exe -wto b3667a278a754cfcadf5cb8d23223f3d --incr --debug typical --relax --mt 2 -L xil_defaultlib -L secureip --snapshot tb_ff_rst_behav xil_defaultlib.tb_ff_rst -log elaborate.log 
Using 2 slave threads.
Starting static elaboration
Completed static elaboration
Starting simulation data flow analysis
Completed simulation data flow analysis
Time Resolution for simulation is 1ps
Compiling package std.standard
Compiling package std.textio
Compiling package ieee.std_logic_1164
Compiling architecture behavioral of entity xil_defaultlib.d_ff_rst [d_ff_rst_default]
Compiling architecture behavioral of entity xil_defaultlib.t_ff_rst [t_ff_rst_default]
Compiling architecture testbench of entity xil_defaultlib.tb_ff_rst
Built simulation snapshot tb_ff_rst_behav
INFO: [USF-XSim-69] 'elaborate' step finished in '2' seconds
INFO: [USF-XSim-4] XSim::Simulate design
INFO: [USF-XSim-61] Executing 'SIMULATE' step in 'D:/Documents/xbohuc00/digital-electronics-1/labs/05-ffs/flip_flops/flip_flops.sim/sim_1/behav/xsim'
INFO: [USF-XSim-98] *** Running xsim
   with args "tb_ff_rst_behav -key {Behavioral:sim_1:Functional:tb_ff_rst} -tclbatch {tb_ff_rst.tcl} -log {simulate.log}"
INFO: [USF-XSim-8] Loading simulator feature
Vivado Simulator 2020.1
Time resolution is 1 ps
source tb_ff_rst.tcl
# set curr_wave [current_wave_config]
# if { [string length $curr_wave] == 0 } {
#   if { [llength [get_objects]] > 0} {
#     add_wave /
#     set_property needs_save false [current_wave_config]
#   } else {
#      send_msg_id Add_Wave-1 WARNING "No top level signals found. Simulator will start without a wave window. If you want to open a wave window go to 'File->New Waveform Configuration' or type 'create_wave_config' in the TCL console."
#   }
# }
# run 1000ns
Note: Stimulus process started
Time: 0 ps  Iteration: 0  Process: /tb_ff_rst/p_stimulus  File: D:/Documents/xbohuc00/digital-electronics-1/labs/05-ffs/flip_flops/flip_flops.srcs/sim_1/new/tb_ff_rst.vhd
Note: Stimulus process finished
Time: 200 ns  Iteration: 0  Process: /tb_ff_rst/p_stimulus  File: D:/Documents/xbohuc00/digital-electronics-1/labs/05-ffs/flip_flops/flip_flops.srcs/sim_1/new/tb_ff_rst.vhd
INFO: [USF-XSim-96] XSim completed. Design snapshot 'tb_ff_rst_behav' loaded.
INFO: [USF-XSim-97] XSim simulation ran for 1000ns
launch_simulation: Time (s): cpu = 00:00:03 ; elapsed = 00:00:06 . Memory (MB): peak = 1020.703 ; gain = 0.000
close_sim
INFO: [Simtcl 6-16] Simulation closed
launch_simulation
Command: launch_simulation 
INFO: [Vivado 12-5682] Launching behavioral simulation in 'D:/Documents/xbohuc00/digital-electronics-1/labs/05-ffs/flip_flops/flip_flops.sim/sim_1/behav/xsim'
INFO: [SIM-utils-51] Simulation object is 'sim_1'
INFO: [SIM-utils-54] Inspecting design source files for 'tb_ff_rst' in fileset 'sim_1'...
INFO: [USF-XSim-97] Finding global include files...
INFO: [USF-XSim-98] Fetching design files from 'sim_1'...
INFO: [USF-XSim-2] XSim::Compile design
INFO: [USF-XSim-61] Executing 'COMPILE and ANALYZE' step in 'D:/Documents/xbohuc00/digital-electronics-1/labs/05-ffs/flip_flops/flip_flops.sim/sim_1/behav/xsim'
"xvhdl --incr --relax -prj tb_ff_rst_vhdl.prj"
INFO: [USF-XSim-69] 'compile' step finished in '1' seconds
INFO: [USF-XSim-3] XSim::Elaborate design
INFO: [USF-XSim-61] Executing 'ELABORATE' step in 'D:/Documents/xbohuc00/digital-electronics-1/labs/05-ffs/flip_flops/flip_flops.sim/sim_1/behav/xsim'
"xelab -wto b3667a278a754cfcadf5cb8d23223f3d --incr --debug typical --relax --mt 2 -L xil_defaultlib -L secureip --snapshot tb_ff_rst_behav xil_defaultlib.tb_ff_rst -log elaborate.log"
Vivado Simulator 2020.1
Copyright 1986-1999, 2001-2020 Xilinx, Inc. All Rights Reserved.
Running: C:/APPZ/Xilinx/Vivado/2020.1/bin/unwrapped/win64.o/xelab.exe -wto b3667a278a754cfcadf5cb8d23223f3d --incr --debug typical --relax --mt 2 -L xil_defaultlib -L secureip --snapshot tb_ff_rst_behav xil_defaultlib.tb_ff_rst -log elaborate.log 
Using 2 slave threads.
Starting static elaboration
Completed static elaboration
INFO: [XSIM 43-4323] No Change in HDL. Linking previously generated obj files to create kernel
INFO: [USF-XSim-69] 'elaborate' step finished in '2' seconds
INFO: [USF-XSim-4] XSim::Simulate design
INFO: [USF-XSim-61] Executing 'SIMULATE' step in 'D:/Documents/xbohuc00/digital-electronics-1/labs/05-ffs/flip_flops/flip_flops.sim/sim_1/behav/xsim'
INFO: [USF-XSim-98] *** Running xsim
   with args "tb_ff_rst_behav -key {Behavioral:sim_1:Functional:tb_ff_rst} -tclbatch {tb_ff_rst.tcl} -log {simulate.log}"
INFO: [USF-XSim-8] Loading simulator feature
Vivado Simulator 2020.1
Time resolution is 1 ps
source tb_ff_rst.tcl
# set curr_wave [current_wave_config]
# if { [string length $curr_wave] == 0 } {
#   if { [llength [get_objects]] > 0} {
#     add_wave /
#     set_property needs_save false [current_wave_config]
#   } else {
#      send_msg_id Add_Wave-1 WARNING "No top level signals found. Simulator will start without a wave window. If you want to open a wave window go to 'File->New Waveform Configuration' or type 'create_wave_config' in the TCL console."
#   }
# }
# run 1000ns
Note: Stimulus process started
Time: 0 ps  Iteration: 0  Process: /tb_ff_rst/p_stimulus  File: D:/Documents/xbohuc00/digital-electronics-1/labs/05-ffs/flip_flops/flip_flops.srcs/sim_1/new/tb_ff_rst.vhd
Note: Stimulus process finished
Time: 200 ns  Iteration: 0  Process: /tb_ff_rst/p_stimulus  File: D:/Documents/xbohuc00/digital-electronics-1/labs/05-ffs/flip_flops/flip_flops.srcs/sim_1/new/tb_ff_rst.vhd
INFO: [USF-XSim-96] XSim completed. Design snapshot 'tb_ff_rst_behav' loaded.
INFO: [USF-XSim-97] XSim simulation ran for 1000ns
launch_simulation: Time (s): cpu = 00:00:03 ; elapsed = 00:00:05 . Memory (MB): peak = 1020.703 ; gain = 0.000
close_sim
INFO: [Simtcl 6-16] Simulation closed
launch_simulation
Command: launch_simulation 
INFO: [Vivado 12-5682] Launching behavioral simulation in 'D:/Documents/xbohuc00/digital-electronics-1/labs/05-ffs/flip_flops/flip_flops.sim/sim_1/behav/xsim'
INFO: [SIM-utils-51] Simulation object is 'sim_1'
INFO: [SIM-utils-54] Inspecting design source files for 'tb_ff_rst' in fileset 'sim_1'...
INFO: [USF-XSim-97] Finding global include files...
INFO: [USF-XSim-98] Fetching design files from 'sim_1'...
INFO: [USF-XSim-2] XSim::Compile design
INFO: [USF-XSim-61] Executing 'COMPILE and ANALYZE' step in 'D:/Documents/xbohuc00/digital-electronics-1/labs/05-ffs/flip_flops/flip_flops.sim/sim_1/behav/xsim'
"xvhdl --incr --relax -prj tb_ff_rst_vhdl.prj"
INFO: [USF-XSim-69] 'compile' step finished in '2' seconds
INFO: [USF-XSim-3] XSim::Elaborate design
INFO: [USF-XSim-61] Executing 'ELABORATE' step in 'D:/Documents/xbohuc00/digital-electronics-1/labs/05-ffs/flip_flops/flip_flops.sim/sim_1/behav/xsim'
"xelab -wto b3667a278a754cfcadf5cb8d23223f3d --incr --debug typical --relax --mt 2 -L xil_defaultlib -L secureip --snapshot tb_ff_rst_behav xil_defaultlib.tb_ff_rst -log elaborate.log"
Vivado Simulator 2020.1
Copyright 1986-1999, 2001-2020 Xilinx, Inc. All Rights Reserved.
Running: C:/APPZ/Xilinx/Vivado/2020.1/bin/unwrapped/win64.o/xelab.exe -wto b3667a278a754cfcadf5cb8d23223f3d --incr --debug typical --relax --mt 2 -L xil_defaultlib -L secureip --snapshot tb_ff_rst_behav xil_defaultlib.tb_ff_rst -log elaborate.log 
Using 2 slave threads.
Starting static elaboration
Completed static elaboration
INFO: [XSIM 43-4323] No Change in HDL. Linking previously generated obj files to create kernel
INFO: [USF-XSim-69] 'elaborate' step finished in '1' seconds
INFO: [USF-XSim-4] XSim::Simulate design
INFO: [USF-XSim-61] Executing 'SIMULATE' step in 'D:/Documents/xbohuc00/digital-electronics-1/labs/05-ffs/flip_flops/flip_flops.sim/sim_1/behav/xsim'
INFO: [USF-XSim-98] *** Running xsim
   with args "tb_ff_rst_behav -key {Behavioral:sim_1:Functional:tb_ff_rst} -tclbatch {tb_ff_rst.tcl} -log {simulate.log}"
INFO: [USF-XSim-8] Loading simulator feature
Vivado Simulator 2020.1
Time resolution is 1 ps
source tb_ff_rst.tcl
# set curr_wave [current_wave_config]
# if { [string length $curr_wave] == 0 } {
#   if { [llength [get_objects]] > 0} {
#     add_wave /
#     set_property needs_save false [current_wave_config]
#   } else {
#      send_msg_id Add_Wave-1 WARNING "No top level signals found. Simulator will start without a wave window. If you want to open a wave window go to 'File->New Waveform Configuration' or type 'create_wave_config' in the TCL console."
#   }
# }
# run 1000ns
Note: Stimulus process started
Time: 0 ps  Iteration: 0  Process: /tb_ff_rst/p_stimulus  File: D:/Documents/xbohuc00/digital-electronics-1/labs/05-ffs/flip_flops/flip_flops.srcs/sim_1/new/tb_ff_rst.vhd
Note: Stimulus process finished
Time: 200 ns  Iteration: 0  Process: /tb_ff_rst/p_stimulus  File: D:/Documents/xbohuc00/digital-electronics-1/labs/05-ffs/flip_flops/flip_flops.srcs/sim_1/new/tb_ff_rst.vhd
INFO: [USF-XSim-96] XSim completed. Design snapshot 'tb_ff_rst_behav' loaded.
INFO: [USF-XSim-97] XSim simulation ran for 1000ns
launch_simulation: Time (s): cpu = 00:00:03 ; elapsed = 00:00:06 . Memory (MB): peak = 1020.703 ; gain = 0.000
synth_design -rtl -name rtl_1
Command: synth_design -rtl -name rtl_1
Starting synth_design
Using part: xc7a50ticsg324-1L
Top: top
INFO: [Device 21-403] Loading part xc7a50ticsg324-1L
---------------------------------------------------------------------------------
Starting RTL Elaboration : Time (s): cpu = 00:00:03 ; elapsed = 00:00:04 . Memory (MB): peak = 1450.695 ; gain = 244.094
---------------------------------------------------------------------------------
ERROR: [Synth 8-1031] clk100mhz is not declared [D:/Documents/xbohuc00/digital-electronics-1/labs/05-ffs/flip_flops/flip_flops.srcs/sources_1/new/top.vhd:57]
ERROR: [Synth 8-2029] formal d has no actual or default value [D:/Documents/xbohuc00/digital-electronics-1/labs/05-ffs/flip_flops/flip_flops.srcs/sources_1/new/top.vhd:55]
INFO: [Synth 8-994] d is declared here [D:/Documents/xbohuc00/digital-electronics-1/labs/05-ffs/flip_flops/flip_flops.srcs/sources_1/new/d_ff_rst.vhd:37]
ERROR: [Synth 8-2715] syntax error near ) [D:/Documents/xbohuc00/digital-electronics-1/labs/05-ffs/flip_flops/flip_flops.srcs/sources_1/new/top.vhd:70]
ERROR: [Synth 8-2029] formal clk has no actual or default value [D:/Documents/xbohuc00/digital-electronics-1/labs/05-ffs/flip_flops/flip_flops.srcs/sources_1/new/top.vhd:64]
INFO: [Synth 8-994] clk is declared here [D:/Documents/xbohuc00/digital-electronics-1/labs/05-ffs/flip_flops/flip_flops.srcs/sources_1/new/d_ff_rst.vhd:35]
INFO: [Synth 8-994] rst is declared here [D:/Documents/xbohuc00/digital-electronics-1/labs/05-ffs/flip_flops/flip_flops.srcs/sources_1/new/d_ff_rst.vhd:36]
INFO: [Synth 8-994] d is declared here [D:/Documents/xbohuc00/digital-electronics-1/labs/05-ffs/flip_flops/flip_flops.srcs/sources_1/new/d_ff_rst.vhd:37]
INFO: [Synth 8-2810] unit behavioral ignored due to previous errors [D:/Documents/xbohuc00/digital-electronics-1/labs/05-ffs/flip_flops/flip_flops.srcs/sources_1/new/top.vhd:44]
---------------------------------------------------------------------------------
Finished RTL Elaboration : Time (s): cpu = 00:00:04 ; elapsed = 00:00:05 . Memory (MB): peak = 1516.379 ; gain = 309.777
---------------------------------------------------------------------------------
RTL Elaboration failed
6 Infos, 0 Warnings, 0 Critical Warnings and 5 Errors encountered.
synth_design failed
ERROR: [Vivado_Tcl 4-5] Elaboration failed - please see the console for details
close_sim
INFO: [Simtcl 6-16] Simulation closed
exit
INFO: [Common 17-206] Exiting Vivado at Wed Mar 16 10:05:25 2022...
