#-----------------------------------------------------------
# Vivado v2020.1 (64-bit)
# SW Build 2902540 on Wed May 27 19:54:49 MDT 2020
# IP Build 2902112 on Wed May 27 22:43:36 MDT 2020
# Start of session at: Wed Mar 23 09:13:21 2022
# Process ID: 6224
# Current directory: D:/Documents/xbohuc00/digital-electronics-1/labs/06-counters/counter
# Command line: vivado.exe -gui_launcher_event rodinguilauncherevent4908 D:\Documents\xbohuc00\digital-electronics-1\labs\06-counters\counter\counter.xpr
# Log file: D:/Documents/xbohuc00/digital-electronics-1/labs/06-counters/counter/vivado.log
# Journal file: D:/Documents/xbohuc00/digital-electronics-1/labs/06-counters/counter\vivado.jou
#-----------------------------------------------------------
start_gui
open_project D:/Documents/xbohuc00/digital-electronics-1/labs/06-counters/counter/counter.xpr
INFO: [Project 1-313] Project file moved from 'D:/Documents/xploce02/digital-electronics-1/labs/counter' since last save.
Scanning sources...
Finished scanning sources
INFO: [IP_Flow 19-234] Refreshing IP repositories
INFO: [IP_Flow 19-1704] No user IP repositories specified
INFO: [IP_Flow 19-2313] Loaded Vivado IP repository 'C:/APPZ/Xilinx/Vivado/2020.1/data/ip'.
update_compile_order -fileset sources_1
launch_simulation
Command: launch_simulation 
INFO: [Vivado 12-5682] Launching behavioral simulation in 'D:/Documents/xbohuc00/digital-electronics-1/labs/06-counters/counter/counter.sim/sim_1/behav/xsim'
INFO: [SIM-utils-51] Simulation object is 'sim_1'
INFO: [SIM-utils-54] Inspecting design source files for 'tb_clock_enable' in fileset 'sim_1'...
INFO: [USF-XSim-97] Finding global include files...
INFO: [USF-XSim-98] Fetching design files from 'sim_1'...
INFO: [USF-XSim-2] XSim::Compile design
INFO: [USF-XSim-61] Executing 'COMPILE and ANALYZE' step in 'D:/Documents/xbohuc00/digital-electronics-1/labs/06-counters/counter/counter.sim/sim_1/behav/xsim'
"xvhdl --incr --relax -prj tb_clock_enable_vhdl.prj"
INFO: [VRFC 10-163] Analyzing VHDL file "D:/Documents/xbohuc00/digital-electronics-1/labs/06-counters/counter/counter.srcs/sources_1/new/clock_enable.vhd" into library xil_defaultlib
INFO: [VRFC 10-3107] analyzing entity 'clock_enable'
INFO: [VRFC 10-163] Analyzing VHDL file "D:/Documents/xbohuc00/digital-electronics-1/labs/06-counters/counter/counter.srcs/sim_1/new/tb_clock_enable.vhd" into library xil_defaultlib
INFO: [VRFC 10-3107] analyzing entity 'tb_clock_enable'
INFO: [USF-XSim-69] 'compile' step finished in '2' seconds
INFO: [USF-XSim-3] XSim::Elaborate design
INFO: [USF-XSim-61] Executing 'ELABORATE' step in 'D:/Documents/xbohuc00/digital-electronics-1/labs/06-counters/counter/counter.sim/sim_1/behav/xsim'
"xelab -wto 9ea0783e79e94948a2946590cfaeeb93 --incr --debug typical --relax --mt 2 -L xil_defaultlib -L secureip --snapshot tb_clock_enable_behav xil_defaultlib.tb_clock_enable -log elaborate.log"
Vivado Simulator 2020.1
Copyright 1986-1999, 2001-2020 Xilinx, Inc. All Rights Reserved.
Running: C:/APPZ/Xilinx/Vivado/2020.1/bin/unwrapped/win64.o/xelab.exe -wto 9ea0783e79e94948a2946590cfaeeb93 --incr --debug typical --relax --mt 2 -L xil_defaultlib -L secureip --snapshot tb_clock_enable_behav xil_defaultlib.tb_clock_enable -log elaborate.log 
Using 2 slave threads.
Starting static elaboration
Completed static elaboration
Starting simulation data flow analysis
Completed simulation data flow analysis
Time Resolution for simulation is 1ps
Compiling package std.standard
Compiling package std.textio
Compiling package ieee.std_logic_1164
Compiling package ieee.numeric_std
Compiling architecture behavioral of entity xil_defaultlib.clock_enable [\clock_enable(g_max=5)\]
Compiling architecture testbench of entity xil_defaultlib.tb_clock_enable
Built simulation snapshot tb_clock_enable_behav

****** Webtalk v2020.1 (64-bit)
  **** SW Build 2902540 on Wed May 27 19:54:49 MDT 2020
  **** IP Build 2902112 on Wed May 27 22:43:36 MDT 2020
    ** Copyright 1986-2020 Xilinx, Inc. All Rights Reserved.

source D:/Documents/xbohuc00/digital-electronics-1/labs/06-counters/counter/counter.sim/sim_1/behav/xsim/xsim.dir/tb_clock_enable_behav/webtalk/xsim_webtalk.tcl -notrace
INFO: [Common 17-186] 'D:/Documents/xbohuc00/digital-electronics-1/labs/06-counters/counter/counter.sim/sim_1/behav/xsim/xsim.dir/tb_clock_enable_behav/webtalk/usage_statistics_ext_xsim.xml' has been successfully sent to Xilinx on Wed Mar 23 09:14:44 2022. For additional details about this file, please refer to the WebTalk help file at C:/APPZ/Xilinx/Vivado/2020.1/doc/webtalk_introduction.html.
INFO: [Common 17-206] Exiting Webtalk at Wed Mar 23 09:14:44 2022...
run_program: Time (s): cpu = 00:00:00 ; elapsed = 00:00:07 . Memory (MB): peak = 1022.676 ; gain = 0.000
INFO: [USF-XSim-69] 'elaborate' step finished in '7' seconds
INFO: [USF-XSim-4] XSim::Simulate design
INFO: [USF-XSim-61] Executing 'SIMULATE' step in 'D:/Documents/xbohuc00/digital-electronics-1/labs/06-counters/counter/counter.sim/sim_1/behav/xsim'
INFO: [USF-XSim-98] *** Running xsim
   with args "tb_clock_enable_behav -key {Behavioral:sim_1:Functional:tb_clock_enable} -tclbatch {tb_clock_enable.tcl} -log {simulate.log}"
INFO: [USF-XSim-8] Loading simulator feature
Vivado Simulator 2020.1
Time resolution is 1 ps
source tb_clock_enable.tcl
# set curr_wave [current_wave_config]
# if { [string length $curr_wave] == 0 } {
#   if { [llength [get_objects]] > 0} {
#     add_wave /
#     set_property needs_save false [current_wave_config]
#   } else {
#      send_msg_id Add_Wave-1 WARNING "No top level signals found. Simulator will start without a wave window. If you want to open a wave window go to 'File->New Waveform Configuration' or type 'create_wave_config' in the TCL console."
#   }
# }
# run 1000ns
Note: Stimulus process started
Time: 0 ps  Iteration: 0  Process: /tb_clock_enable/p_stimulus  File: D:/Documents/xbohuc00/digital-electronics-1/labs/06-counters/counter/counter.srcs/sim_1/new/tb_clock_enable.vhd
Note: Stimulus process finished
Time: 0 ps  Iteration: 0  Process: /tb_clock_enable/p_stimulus  File: D:/Documents/xbohuc00/digital-electronics-1/labs/06-counters/counter/counter.srcs/sim_1/new/tb_clock_enable.vhd
INFO: [USF-XSim-96] XSim completed. Design snapshot 'tb_clock_enable_behav' loaded.
INFO: [USF-XSim-97] XSim simulation ran for 1000ns
launch_simulation: Time (s): cpu = 00:00:08 ; elapsed = 00:00:13 . Memory (MB): peak = 1022.676 ; gain = 0.000
update_compile_order -fileset sim_1
close [ open D:/Documents/xbohuc00/digital-electronics-1/labs/06-counters/counter/counter.srcs/sources_1/new/cnt_up_down.vhd w ]
add_files D:/Documents/xbohuc00/digital-electronics-1/labs/06-counters/counter/counter.srcs/sources_1/new/cnt_up_down.vhd
update_compile_order -fileset sources_1
set_property SOURCE_SET sources_1 [get_filesets sim_1]
close [ open D:/Documents/xbohuc00/digital-electronics-1/labs/06-counters/counter/counter.srcs/sim_1/new/tb_cnt_up_down.vhd w ]
add_files -fileset sim_1 D:/Documents/xbohuc00/digital-electronics-1/labs/06-counters/counter/counter.srcs/sim_1/new/tb_cnt_up_down.vhd
update_compile_order -fileset sim_1
set_property top tb_cnt_up_down [get_filesets sim_1]
set_property top_lib xil_defaultlib [get_filesets sim_1]
update_compile_order -fileset sim_1
launch_simulation
Command: launch_simulation 
boost::filesystem::remove: The process cannot access the file because it is being used by another process: "D:/Documents/xbohuc00/digital-electronics-1/labs/06-counters/counter/counter.sim/sim_1/behav/xsim/simulate.log"
launch_simulation
Command: launch_simulation 
boost::filesystem::remove: The process cannot access the file because it is being used by another process: "D:/Documents/xbohuc00/digital-electronics-1/labs/06-counters/counter/counter.sim/sim_1/behav/xsim/simulate.log"
launch_simulation
Command: launch_simulation 
boost::filesystem::remove: The process cannot access the file because it is being used by another process: "D:/Documents/xbohuc00/digital-electronics-1/labs/06-counters/counter/counter.sim/sim_1/behav/xsim/simulate.log"
launch_simulation
Command: launch_simulation 
boost::filesystem::remove: The process cannot access the file because it is being used by another process: "D:/Documents/xbohuc00/digital-electronics-1/labs/06-counters/counter/counter.sim/sim_1/behav/xsim/simulate.log"
close_sim
INFO: [Simtcl 6-16] Simulation closed
close_sim: Time (s): cpu = 00:00:01 ; elapsed = 00:00:06 . Memory (MB): peak = 1022.676 ; gain = 0.000
exit
INFO: [Common 17-206] Exiting Vivado at Wed Mar 23 09:22:33 2022...
